<?xml version="1.0" encoding="UTF-8"?>
<!-- Generated by org.testng.reporters.JUnitXMLReporter -->
<testsuite ignored="0" hostname="adiths-MacBook-Pro.local" failures="0" tests="5" name="Surefire test" time="0.034" errors="0" timestamp="2024-11-23T13:38:45 IST">
  <testcase classname="com.calculator.CalculatorTest" name="testAddition" time="0.004"/>
  <testcase classname="com.calculator.CalculatorTest" name="testDivision" time="0.001"/>
  <testcase classname="com.calculator.CalculatorTest" name="testDivisionByZero" time="0.0"/>
  <testcase classname="com.calculator.CalculatorTest" name="testMultiplication" time="0.001"/>
  <testcase classname="com.calculator.CalculatorTest" name="testSubtraction" time="0.0"/>
</testsuite> <!-- Surefire test -->
