<?xml version="1.0" encoding="UTF-8"?>
<!-- Generated by org.testng.reporters.JUnitXMLReporter -->
<testsuite ignored="0" hostname="Pavan-Lenova" failures="0" tests="5" name="Default test" time="0.047" errors="0" timestamp="2024-11-21T13:00:04 IST">
  <testcase classname="com.calculator.CalculatorTest" name="testAddition" time="0.007"/>
  <testcase classname="com.calculator.CalculatorTest" name="testDivision" time="0.001"/>
  <testcase classname="com.calculator.CalculatorTest" name="testDivisionByZero" time="0.001"/>
  <testcase classname="com.calculator.CalculatorTest" name="testMultiplication" time="0.001"/>
  <testcase classname="com.calculator.CalculatorTest" name="testSubtraction" time="0.0"/>
</testsuite> <!-- Default test -->
