<?xml version="1.0" encoding="UTF-8"?>
<!-- Generated by org.testng.reporters.JUnitXMLReporter -->
<testsuite ignored="0" hostname="Pavan-Lenova" failures="0" tests="5" name="CalculatorTests" time="0.041" errors="0" timestamp="2024-11-21T13:01:01 IST">
  <testcase classname="com.calculator.CalculatorTest" name="testAddition" time="0.008"/>
  <testcase classname="com.calculator.CalculatorTest" name="testDivision" time="0.001"/>
  <testcase classname="com.calculator.CalculatorTest" name="testDivisionByZero" time="0.001"/>
  <testcase classname="com.calculator.CalculatorTest" name="testMultiplication" time="0.0"/>
  <testcase classname="com.calculator.CalculatorTest" name="testSubtraction" time="0.001"/>
</testsuite> <!-- CalculatorTests -->
